
=== PASSWORD RESET EMAIL ===
To: hejdi_15@hotmail.com
Subject: Nulstil din adgangskode
Reset Link: http://localhost:5173/reset-password?token=9f571efc8be06f7707d3be664b40a6291f03014a7ce39645e0e277cdb2c801b4766279d1165676a3b8773d7bc4736e4c77041e94eb3ab8206372365bec677641
Token: 9f571efc8be06f7707d3be664b40a6291f03014a7ce39645e0e277cdb2c801b4766279d1165676a3b8773d7bc4736e4c77041e94eb3ab8206372365bec677641
Sent at: 2025-08-13 14:46:55
========================

=== PASSWORD RESET EMAIL ===
To: hejdi_15@hotmail.com
Subject: Nulstil din adgangskode
Reset Link: http://localhost:5173/reset-password?token=0e9b4443b5c512eb64ad048718a450852df980f07f1c6dda3dc46a323c204d2fb7a33e074544b268de28eec5b816fbb88b056ca2ec38d80b4763d4af400fe532
Token: 0e9b4443b5c512eb64ad048718a450852df980f07f1c6dda3dc46a323c204d2fb7a33e074544b268de28eec5b816fbb88b056ca2ec38d80b4763d4af400fe532
Sent at: 2025-08-13 14:53:31
========================

=== PASSWORD RESET EMAIL ===
To: hejdi_15@hotmail.com
Subject: Nulstil din adgangskode
Reset Link: http://localhost:5173/reset-password?token=c1d0533c29a97b8006c140bd7c1fc18365747e4aded647f81fb3b3b2830c7fbc485bbcb4a46ea9ebb17445e13bef80d9ff0cb1b5fa030d3f374f438f38a8992c
Token: c1d0533c29a97b8006c140bd7c1fc18365747e4aded647f81fb3b3b2830c7fbc485bbcb4a46ea9ebb17445e13bef80d9ff0cb1b5fa030d3f374f438f38a8992c
Sent at: 2025-08-13 15:01:33
========================
